SF:lib/src/features/auth/controllers/auth_state.dart
DA:2,1
DA:15,0
DA:36,1
DA:48,1
DA:49,1
DA:50,1
DA:51,1
DA:53,1
DA:55,1
DA:56,1
DA:57,1
DA:59,1
DA:62,1
DA:65,1
LF:14
LH:13
end_of_record
SF:lib/src/core/app_exception.dart
DA:2,1
DA:7,0
DA:8,0
LF:3
LH:1
end_of_record
SF:lib/src/data/services/firebase_auth_service.dart
DA:10,2
DA:17,0
DA:20,0
DA:24,0
DA:30,0
DA:35,0
DA:41,0
DA:46,0
DA:48,0
DA:49,0
DA:50,0
DA:51,0
DA:52,0
DA:54,0
DA:56,0
DA:58,0
DA:64,0
DA:67,0
DA:73,0
DA:76,0
DA:77,0
DA:78,0
DA:82,0
DA:83,0
DA:90,0
DA:95,0
DA:97,0
DA:98,0
DA:99,0
DA:100,0
DA:101,0
DA:103,0
DA:104,0
DA:106,0
DA:112,0
DA:115,0
DA:116,0
DA:117,0
DA:127,0
DA:129,0
DA:132,0
DA:142,0
DA:144,0
DA:148,0
DA:157,0
DA:158,0
DA:159,0
DA:161,0
DA:163,0
DA:165,0
DA:167,0
DA:169,0
DA:171,0
DA:173,0
DA:175,0
DA:177,0
DA:180,0
LF:57
LH:1
end_of_record
SF:lib/src/data/models/auth_session.dart
DA:2,0
LF:1
LH:0
end_of_record
